[2020-03-01T00:00:08+08:00][error] array_column() expects parameter 1 to be array, null given
[2020-03-01T00:00:11+08:00][error] array_column() expects parameter 1 to be array, null given
[2020-03-01T00:01:12+08:00][error] array_column() expects parameter 1 to be array, null given
[2020-03-01T00:06:43+08:00][error] array_column() expects parameter 1 to be array, null given
[2020-03-01T00:07:22+08:00][error] array_column() expects parameter 1 to be array, null given
[2020-03-01T00:07:52+08:00][error] array_column() expects parameter 1 to be array, null given
[2020-03-01T00:08:48+08:00][error] array_column() expects parameter 1 to be array, null given
[2020-03-01T00:11:42+08:00][error] array_column() expects parameter 1 to be array, null given
[2020-03-01T00:18:42+08:00][error] array_column() expects parameter 1 to be array, null given
[2020-03-01T00:21:36+08:00][error] array_column() expects parameter 1 to be array, null given
[2020-03-01T00:25:36+08:00][error] array_column() expects parameter 1 to be array, null given
[2020-03-01T00:26:14+08:00][error] array_column() expects parameter 1 to be array, null given
[2020-03-01T00:26:38+08:00][error] array_column() expects parameter 1 to be array, null given
[2020-03-01T00:31:25+08:00][error] array_column() expects parameter 1 to be array, null given
[2020-03-01T00:32:49+08:00][error] array_column() expects parameter 1 to be array, null given
[2020-03-01T00:33:35+08:00][error] array_column() expects parameter 1 to be array, null given
[2020-03-01T00:35:24+08:00][error] array_column() expects parameter 1 to be array, null given
[2020-03-01T00:36:45+08:00][error] array_column() expects parameter 1 to be array, null given
[2020-03-01T00:39:51+08:00][error] array_column() expects parameter 1 to be array, null given
[2020-03-01T00:41:58+08:00][error] array_column() expects parameter 1 to be array, null given
[2020-03-01T00:42:38+08:00][error] array_column() expects parameter 1 to be array, null given
[2020-03-01T00:49:43+08:00][error] array_column() expects parameter 1 to be array, null given
[2020-03-01T00:49:57+08:00][error] array_column() expects parameter 1 to be array, null given
[2020-03-01T00:53:25+08:00][error] array_column() expects parameter 1 to be array, null given
[2020-03-01T00:59:46+08:00][error] array_column() expects parameter 1 to be array, null given
[2020-03-01T01:03:28+08:00][error] array_column() expects parameter 1 to be array, null given
[2020-03-01T01:07:07+08:00][error] array_column() expects parameter 1 to be array, null given
[2020-03-01T01:09:17+08:00][error] array_column() expects parameter 1 to be array, null given
[2020-03-01T01:19:09+08:00][error] array_column() expects parameter 1 to be array, null given
[2020-03-01T01:19:43+08:00][error] array_column() expects parameter 1 to be array, null given
[2020-03-01T01:22:42+08:00][error] array_column() expects parameter 1 to be array, null given
[2020-03-01T01:32:24+08:00][error] array_column() expects parameter 1 to be array, null given
[2020-03-01T01:32:46+08:00][error] array_column() expects parameter 1 to be array, null given
[2020-03-01T01:43:04+08:00][error] array_column() expects parameter 1 to be array, null given
[2020-03-01T01:48:36+08:00][error] array_column() expects parameter 1 to be array, null given
[2020-03-01T01:57:43+08:00][error] array_column() expects parameter 1 to be array, null given
[2020-03-01T02:00:49+08:00][error] array_column() expects parameter 1 to be array, null given
[2020-03-01T02:11:36+08:00][error] array_column() expects parameter 1 to be array, null given
[2020-03-01T02:13:06+08:00][error] array_column() expects parameter 1 to be array, null given
[2020-03-01T03:08:53+08:00][error] array_column() expects parameter 1 to be array, null given
[2020-03-01T08:15:10+08:00][error] array_column() expects parameter 1 to be array, null given
[2020-03-01T08:15:21+08:00][error] array_column() expects parameter 1 to be array, null given
[2020-03-01T08:57:27+08:00][error] array_column() expects parameter 1 to be array, null given
[2020-03-01T09:03:01+08:00][error] array_column() expects parameter 1 to be array, null given
[2020-03-01T09:18:54+08:00][error] array_column() expects parameter 1 to be array, null given
[2020-03-01T09:24:57+08:00][error] Undefined offset: 1
[2020-03-01T10:31:15+08:00][error] Undefined offset: 1
[2020-03-01T10:31:15+08:00][error] [8]Trying to access array offset on value of type null[/www/wwwroot/php8.run/app/controller/Index.php:88]
[2020-03-01T10:35:23+08:00][error] Undefined offset: 1
[2020-03-01T10:35:23+08:00][error] [8]Trying to access array offset on value of type null[/www/wwwroot/php8.run/app/controller/Index.php:88]
[2020-03-01T10:36:21+08:00][error] Undefined offset: 1
[2020-03-01T10:36:21+08:00][error] [8]Trying to access array offset on value of type null[/www/wwwroot/php8.run/app/controller/Index.php:88]
[2020-03-01T10:38:56+08:00][error] Undefined offset: 1
[2020-03-01T10:38:56+08:00][error] [8]Trying to access array offset on value of type null[/www/wwwroot/php8.run/app/controller/Index.php:88]
[2020-03-01T10:54:57+08:00][error] Undefined offset: 1
[2020-03-01T11:38:46+08:00][error] Undefined offset: 1
[2020-03-01T11:38:46+08:00][error] [8]Trying to access array offset on value of type null[/www/wwwroot/php8.run/app/controller/Index.php:88]
[2020-03-01T15:00:58+08:00][error] Undefined offset: 1
[2020-03-01T15:25:58+08:00][error] [0]Class 'app\index\controller\Base' not found[/www/wwwroot/php8.run/app/common/http/Http.php:9]
[2020-03-01T15:26:44+08:00][error] [0]Too few arguments to function app\controller\Base::__construct(), 0 passed in /www/wwwroot/php8.run/app/common/http/Http.php on line 12 and exactly 2 expected[/www/wwwroot/php8.run/app/controller/Base.php:19]
[2020-03-01T16:52:20+08:00][error] Undefined offset: 1
[2020-03-01T16:53:20+08:00][error] Undefined offset: 1
[2020-03-01T16:54:20+08:00][error] Undefined offset: 1
[2020-03-01T16:55:20+08:00][error] Undefined offset: 1
[2020-03-01T16:56:20+08:00][error] Undefined offset: 1
[2020-03-01T16:57:20+08:00][error] Undefined offset: 1
[2020-03-01T16:58:20+08:00][error] Undefined offset: 1
[2020-03-01T16:59:20+08:00][error] Undefined offset: 1
[2020-03-01T17:00:08+08:00][error] array_column() expects parameter 1 to be array, null given
[2020-03-01T17:00:20+08:00][error] Undefined offset: 1
[2020-03-01T17:00:27+08:00][error] array_column() expects parameter 1 to be array, null given
[2020-03-01T17:00:52+08:00][error] array_column() expects parameter 1 to be array, null given
[2020-03-01T17:01:01+08:00][error] array_column() expects parameter 1 to be array, null given
[2020-03-01T17:03:21+08:00][error] array_column() expects parameter 1 to be array, null given
[2020-03-01T17:04:42+08:00][error] array_column() expects parameter 1 to be array, null given
[2020-03-01T17:05:05+08:00][error] array_column() expects parameter 1 to be array, null given
[2020-03-01T17:05:51+08:00][error] array_column() expects parameter 1 to be array, null given
[2020-03-01T17:06:29+08:00][error] array_column() expects parameter 1 to be array, null given
[2020-03-01T17:06:33+08:00][error] array_column() expects parameter 1 to be array, null given
[2020-03-01T17:08:48+08:00][error] array_column() expects parameter 1 to be array, null given
[2020-03-01T17:08:53+08:00][error] array_column() expects parameter 1 to be array, null given
[2020-03-01T17:09:25+08:00][error] array_column() expects parameter 1 to be array, null given
[2020-03-01T17:10:59+08:00][error] array_column() expects parameter 1 to be array, null given
[2020-03-01T17:11:49+08:00][error] array_column() expects parameter 1 to be array, null given
[2020-03-01T17:12:10+08:00][error] array_column() expects parameter 1 to be array, null given
[2020-03-01T17:12:30+08:00][error] array_column() expects parameter 1 to be array, null given
[2020-03-01T17:13:06+08:00][error] array_column() expects parameter 1 to be array, null given
[2020-03-01T17:13:24+08:00][error] array_column() expects parameter 1 to be array, null given
[2020-03-01T17:13:46+08:00][error] array_column() expects parameter 1 to be array, null given
[2020-03-01T17:13:49+08:00][error] array_column() expects parameter 1 to be array, null given
[2020-03-01T17:13:58+08:00][error] array_column() expects parameter 1 to be array, null given
[2020-03-01T17:14:02+08:00][error] array_column() expects parameter 1 to be array, null given
[2020-03-01T17:14:44+08:00][error] array_column() expects parameter 1 to be array, null given
[2020-03-01T17:14:46+08:00][error] array_column() expects parameter 1 to be array, null given
[2020-03-01T17:15:02+08:00][error] array_column() expects parameter 1 to be array, null given
[2020-03-01T17:15:14+08:00][error] array_column() expects parameter 1 to be array, null given
[2020-03-01T17:15:38+08:00][error] array_column() expects parameter 1 to be array, null given
[2020-03-01T17:15:46+08:00][error] array_column() expects parameter 1 to be array, null given
[2020-03-01T17:16:46+08:00][error] array_column() expects parameter 1 to be array, null given
[2020-03-01T17:16:58+08:00][error] array_column() expects parameter 1 to be array, null given
[2020-03-01T17:17:24+08:00][error] array_column() expects parameter 1 to be array, null given
[2020-03-01T17:17:47+08:00][error] array_column() expects parameter 1 to be array, null given
[2020-03-01T17:18:08+08:00][error] array_column() expects parameter 1 to be array, null given
[2020-03-01T17:18:58+08:00][error] array_column() expects parameter 1 to be array, null given
[2020-03-01T17:19:00+08:00][error] array_column() expects parameter 1 to be array, null given
[2020-03-01T17:19:10+08:00][error] array_column() expects parameter 1 to be array, null given
[2020-03-01T17:19:20+08:00][error] array_column() expects parameter 1 to be array, null given
[2020-03-01T17:19:32+08:00][error] array_column() expects parameter 1 to be array, null given
[2020-03-01T17:20:26+08:00][error] array_column() expects parameter 1 to be array, null given
[2020-03-01T17:20:54+08:00][error] array_column() expects parameter 1 to be array, null given
[2020-03-01T17:20:59+08:00][error] array_column() expects parameter 1 to be array, null given
[2020-03-01T17:21:02+08:00][error] array_column() expects parameter 1 to be array, null given
[2020-03-01T17:21:16+08:00][error] array_column() expects parameter 1 to be array, null given
[2020-03-01T17:21:40+08:00][error] array_column() expects parameter 1 to be array, null given
[2020-03-01T17:21:50+08:00][error] array_column() expects parameter 1 to be array, null given
[2020-03-01T17:22:24+08:00][error] array_column() expects parameter 1 to be array, null given
[2020-03-01T17:22:28+08:00][error] array_column() expects parameter 1 to be array, null given
[2020-03-01T17:22:29+08:00][error] array_column() expects parameter 1 to be array, null given
[2020-03-01T17:23:20+08:00][error] array_column() expects parameter 1 to be array, null given
[2020-03-01T17:24:02+08:00][error] array_column() expects parameter 1 to be array, null given
[2020-03-01T17:24:05+08:00][error] array_column() expects parameter 1 to be array, null given
[2020-03-01T17:24:20+08:00][error] array_column() expects parameter 1 to be array, null given
[2020-03-01T17:24:34+08:00][error] array_column() expects parameter 1 to be array, null given
[2020-03-01T17:24:49+08:00][error] array_column() expects parameter 1 to be array, null given
[2020-03-01T17:24:53+08:00][error] array_column() expects parameter 1 to be array, null given
[2020-03-01T17:25:04+08:00][error] array_column() expects parameter 1 to be array, null given
[2020-03-01T17:26:10+08:00][error] array_column() expects parameter 1 to be array, null given
[2020-03-01T17:26:22+08:00][error] array_column() expects parameter 1 to be array, null given
[2020-03-01T17:26:44+08:00][error] array_column() expects parameter 1 to be array, null given
[2020-03-01T17:27:04+08:00][error] array_column() expects parameter 1 to be array, null given
[2020-03-01T17:27:09+08:00][error] array_column() expects parameter 1 to be array, null given
[2020-03-01T17:27:20+08:00][error] array_column() expects parameter 1 to be array, null given
[2020-03-01T17:27:32+08:00][error] array_column() expects parameter 1 to be array, null given
[2020-03-01T17:28:16+08:00][error] array_column() expects parameter 1 to be array, null given
[2020-03-01T17:28:34+08:00][error] array_column() expects parameter 1 to be array, null given
[2020-03-01T17:28:56+08:00][error] array_column() expects parameter 1 to be array, null given
[2020-03-01T17:29:54+08:00][error] array_column() expects parameter 1 to be array, null given
[2020-03-01T17:30:14+08:00][error] array_column() expects parameter 1 to be array, null given
[2020-03-01T17:31:36+08:00][error] array_column() expects parameter 1 to be array, null given
[2020-03-01T17:31:42+08:00][error] array_column() expects parameter 1 to be array, null given
[2020-03-01T17:32:04+08:00][error] array_column() expects parameter 1 to be array, null given
[2020-03-01T18:48:30+08:00][error] [0]语法错误: unexpected '}'[/www/wwwroot/php8.run/app/controller/Base.php:30]
[2020-03-01T18:56:52+08:00][error] [0]语法错误: unexpected '}'[/www/wwwroot/php8.run/app/controller/Base.php:30]
[2020-03-01T18:56:54+08:00][error] [0]语法错误: unexpected '}'[/www/wwwroot/php8.run/app/controller/Base.php:30]
[2020-03-01T20:01:35+08:00][error] [0]语法错误: unexpected '}'[/www/wwwroot/php8.run/app/controller/Base.php:30]
